<?xml version="1.0" encoding="UTF-8"?>
<testng-results skipped="0" failed="0" total="1" passed="1">
  <reporter-output>
  </reporter-output>
  <suite name="Suite" duration-ms="45216" started-at="2019-07-25T03:36:20Z" finished-at="2019-07-25T03:37:05Z">
    <groups>
      <group name="cucumber">
        <method signature="AbstractTestNGCucumberTests.feature(cucumber.api.testng.CucumberFeatureWrapper)[pri:0, instance:Runner.Testrunner@77b52d12]" name="feature" class="cucumber.api.testng.AbstractTestNGCucumberTests"/>
      </group> <!-- cucumber -->
    </groups>
    <test name="Test" duration-ms="45216" started-at="2019-07-25T03:36:20Z" finished-at="2019-07-25T03:37:05Z">
      <class name="Runner.Testrunner">
        <test-method status="PASS" signature="setUpClass()[pri:0, instance:Runner.Testrunner@77b52d12]" name="setUpClass" is-config="true" duration-ms="686" started-at="2019-07-25T09:06:20Z" finished-at="2019-07-25T09:06:21Z">
          <reporter-output>
          </reporter-output>
        </test-method> <!-- setUpClass -->
        <test-method status="PASS" signature="feature(cucumber.api.testng.CucumberFeatureWrapper)[pri:0, instance:Runner.Testrunner@77b52d12]" name="feature" duration-ms="44155" started-at="2019-07-25T09:06:21Z" description="Runs Cucumber Feature" data-provider="features" finished-at="2019-07-25T09:07:05Z">
          <params>
            <param index="0">
              <value>
                <![CDATA[Check the automation site]]>
              </value>
            </param>
          </params>
          <reporter-output>
          </reporter-output>
        </test-method> <!-- feature -->
        <test-method status="PASS" signature="tearDownClass()[pri:0, instance:Runner.Testrunner@77b52d12]" name="tearDownClass" is-config="true" duration-ms="16" started-at="2019-07-25T09:07:05Z" finished-at="2019-07-25T09:07:05Z">
          <reporter-output>
          </reporter-output>
        </test-method> <!-- tearDownClass -->
      </class> <!-- Runner.Testrunner -->
    </test> <!-- Test -->
  </suite> <!-- Suite -->
</testng-results>
